10222.3368
140.92 72.54
1626.06
M3 0.00 49.56 (41.93 4.70 2 5)
M5 0.00 0.00 (81.40 15.40 1 10)
M6 97.93 15.14 (41.93 4.70 2 5)
M9 0.00 48.42 (50.99 1.14 4 1)
M10 0.00 21.90 (50.99 1.14 4 1)
M12 50.99 48.42 (81.40 15.40 1 10)
M14 81.40 0.00 (53.13 3.08 2 2)
M15 104.33 31.50 (25.93 2.28 2 2)
M16 0.00 54.26 (49.93 2.28 2 2)
M24 104.33 24.54 (31.40 6.96 1 4)
M26 0.00 23.04 (61.93 3.48 2 2)
M60 34.99 15.40 (38.46 1.88 3 2)
M63 0.00 15.40 (34.99 0.94 4 1)
M90 0.00 63.82 (105.39 1.54 4 1)
M98 0.00 27.46 (104.33 6.16 2 4)
M103 98.99 65.36 (41.93 4.70 2 5)
M104 104.33 33.78 (34.99 0.94 4 1)
M106 0.00 65.36 (98.99 2.82 4 3)
M107 0.00 16.34 (34.99 0.94 4 1)
M108 0.00 68.18 (98.99 2.82 4 3)
M109 0.00 46.88 (105.39 1.54 4 1)
M110 97.93 19.84 (41.93 4.70 2 5)
M111 0.00 33.62 (104.33 6.16 2 4)
M112 0.00 26.52 (3.40 0.94 1 1)
M113 97.93 12.32 (25.93 2.82 2 3)
M114 81.40 3.08 (49.40 9.24 1 6)
M115 0.00 17.28 (97.93 4.62 2 3)
M116 0.00 39.78 (104.33 6.16 2 4)
M117 0.00 71.00 (105.39 1.54 4 1)
M118 105.39 34.72 (27.00 6.16 1 4)
M119 0.00 45.94 (34.99 0.94 4 1)
